#
# A fatal error has been detected by the Java Runtime Environment:
#
#  Internal Error (safepoint.cpp:310), pid=28441, tid=140246637451008
#  guarantee(PageArmed == 0) failed: invariant
#
# JRE version: Java(TM) SE Runtime Environment (8.0_74-b02) (build 1.8.0_74-b02)
# Java VM: Java HotSpot(TM) 64-Bit Server VM (25.74-b02 mixed mode linux-amd64 compressed oops)
# Failed to write core dump. Core dumps have been disabled. To enable core dumping, try "ulimit -c unlimited" before starting Java again
#
# If you would like to submit a bug report, please visit:
#   http://bugreport.java.com/bugreport/crash.jsp
#

---------------  T H R E A D  ---------------

Current thread (0x00007f8dd813f000):  VMThread [stack: 0x00007f8db6f19000,0x00007f8db701a000] [id=28450]

Stack: [0x00007f8db6f19000,0x00007f8db701a000],  sp=0x00007f8db70187b0,  free space=1021k
Native frames: (J=compiled Java code, j=interpreted, Vv=VM code, C=native code)
V  [libjvm.so+0xaba7ea]  VMError::report_and_die()+0x2ba
V  [libjvm.so+0x4f9452]  report_vm_error(char const*, int, char const*, char const*)+0x62
V  [libjvm.so+0x9b3af4]  SafepointSynchronize::begin()+0x834
V  [libjvm.so+0xac237f]  VMThread::loop()+0x1bf
V  [libjvm.so+0xac2800]  VMThread::run()+0x70
V  [libjvm.so+0x91d9d8]  java_start(Thread*)+0x108

VM_Operation (0x00007f8d7d9cb620): RevokeBias, mode: safepoint, requested by thread 0x00007f8d6c001000


---------------  P R O C E S S  ---------------

Java Threads: ( => current thread )
  0x00007f8d6c001000 JavaThread "Glass/Prism Shutdown Hook" [_thread_blocked, id=28547, stack(0x00007f8d7d8cd000,0x00007f8d7d9ce000)]
  0x00007f8da4001000 JavaThread "SIGTERM handler" daemon [_thread_blocked, id=28546, stack(0x00007f8d7d9ce000,0x00007f8d7dacf000)]
  0x00007f8d70264800 JavaThread "Prism Font Disposer" daemon [_thread_blocked, id=28465, stack(0x00007f8d7e8e4000,0x00007f8d7e9e5000)]
  0x00007f8dd82f2000 JavaThread "JavaFX-Launcher" [_thread_blocked, id=28464, stack(0x00007f8d7f951000,0x00007f8d7fa52000)]
  0x00007f8dd82ee000 JavaThread "JavaFX Application Thread" [_thread_in_Java, id=28463, stack(0x00007f8d7fa52000,0x00007f8d7fb53000)]
  0x00007f8dd82ea000 JavaThread "Thread-1" daemon [_thread_blocked, id=28462, stack(0x00007f8d7fb53000,0x00007f8d7fc54000)]
  0x00007f8dd828a000 JavaThread "QuantumRenderer-0" daemon [_thread_blocked, id=28460, stack(0x00007f8db603c000,0x00007f8db613d000)]
  0x00007f8dd8190000 JavaThread "Service Thread" daemon [_thread_blocked, id=28457, stack(0x00007f8db62d4000,0x00007f8db63d5000)]
  0x00007f8dd8185000 JavaThread "C1 CompilerThread2" daemon [_thread_blocked, id=28456, stack(0x00007f8db63d5000,0x00007f8db64d6000)]
  0x00007f8dd8183000 JavaThread "C2 CompilerThread1" daemon [_thread_blocked, id=28455, stack(0x00007f8db64d6000,0x00007f8db65d7000)]
  0x00007f8dd8180000 JavaThread "C2 CompilerThread0" daemon [_thread_blocked, id=28454, stack(0x00007f8db65d7000,0x00007f8db66d8000)]
  0x00007f8dd817e800 JavaThread "Signal Dispatcher" daemon [_thread_blocked, id=28453, stack(0x00007f8db66d8000,0x00007f8db67d9000)]
  0x00007f8dd814b800 JavaThread "Finalizer" daemon [_thread_blocked, id=28452, stack(0x00007f8db6d17000,0x00007f8db6e18000)]
  0x00007f8dd8146800 JavaThread "Reference Handler" daemon [_thread_blocked, id=28451, stack(0x00007f8db6e18000,0x00007f8db6f19000)]
  0x00007f8dd8009800 JavaThread "main" [_thread_blocked, id=28443, stack(0x00007f8ddf7d5000,0x00007f8ddf8d6000)]

Other Threads:
=>0x00007f8dd813f000 VMThread [stack: 0x00007f8db6f19000,0x00007f8db701a000] [id=28450]
  0x00007f8dd8193000 WatcherThread [stack: 0x00007f8db61d3000,0x00007f8db62d4000] [id=28458]

VM state:synchronizing (normal execution)

VM Mutex/Monitor currently owned by a thread:  ([mutex/lock_event])
[0x00007f8dd8006090] Safepoint_lock - owner thread: 0x00007f8dd813f000
[0x00007f8dd8006110] Threads_lock - owner thread: 0x00007f8dd813f000

Heap:
 PSYoungGen      total 36864K, used 21249K [0x00000000d7380000, 0x00000000d9c80000, 0x0000000100000000)
  eden space 31744K, 50% used [0x00000000d7380000,0x00000000d8344560,0x00000000d9280000)
  from space 5120K, 99% used [0x00000000d9280000,0x00000000d977c070,0x00000000d9780000)
  to   space 5120K, 0% used [0x00000000d9780000,0x00000000d9780000,0x00000000d9c80000)
 ParOldGen       total 84992K, used 660K [0x0000000085a00000, 0x000000008ad00000, 0x00000000d7380000)
  object space 84992K, 0% used [0x0000000085a00000,0x0000000085aa53f0,0x000000008ad00000)
 Metaspace       used 14766K, capacity 15322K, committed 15488K, reserved 1062912K
  class space    used 1967K, capacity 2088K, committed 2176K, reserved 1048576K

Card table byte_map: [0x00007f8ddc1c4000,0x00007f8ddc598000] byte_map_base: 0x00007f8ddbd97000

Marking Bits: (ParMarkBitMap*) 0x00007f8ddecaf260
 Begin Bits: [0x00007f8dc4d40000, 0x00007f8dc6bd8000)
 End Bits:   [0x00007f8dc6bd8000, 0x00007f8dc8a70000)

Polling page: 0x00007f8ddf8fc000

CodeCache: size=245760Kb used=5762Kb max_used=5774Kb free=239997Kb
 bounds [0x00007f8dc9000000, 0x00007f8dc95b0000, 0x00007f8dd8000000]
 total_blobs=2578 nmethods=1963 adapters=528
 compilation: enabled

Compilation events (10 events):
Event: 8,529 Thread 0x00007f8dd8180000 1959       4       model.SortAlgorithm::BubbleSortOptim (78 bytes)
Event: 8,532 Thread 0x00007f8dd8180000 nmethod 1959 0x00007f8dc95a26d0 code [0x00007f8dc95a2820, 0x00007f8dc95a29f8]
Event: 8,701 Thread 0x00007f8dd8185000 1960 %     3       model.SortAlgorithm::aRandom @ 14 (37 bytes)
Event: 8,701 Thread 0x00007f8dd8185000 nmethod 1960% 0x00007f8dc959fe50 code [0x00007f8dc95a0020, 0x00007f8dc95a0778]
Event: 8,701 Thread 0x00007f8dd8185000 1961       3       model.SortAlgorithm::aRandom (37 bytes)
Event: 8,702 Thread 0x00007f8dd8185000 nmethod 1961 0x00007f8dc95a1a10 code [0x00007f8dc95a1be0, 0x00007f8dc95a2278]
Event: 8,702 Thread 0x00007f8dd8183000 1962 %     4       model.SortAlgorithm::aRandom @ 14 (37 bytes)
Event: 8,706 Thread 0x00007f8dd8183000 nmethod 1962% 0x00007f8dc959f6d0 code [0x00007f8dc959f840, 0x00007f8dc959fc18]
Event: 42,201 Thread 0x00007f8dd8180000 1963       4       model.SortAlgorithm::aRandom (37 bytes)
Event: 42,205 Thread 0x00007f8dd8180000 nmethod 1963 0x00007f8dc95a6850 code [0x00007f8dc95a69c0, 0x00007f8dc95a6c78]

GC Heap History (2 events):
Event: 5,176 GC heap before
{Heap before GC invocations=1 (full 0):
 PSYoungGen      total 36864K, used 31744K [0x00000000d7380000, 0x00000000d9c80000, 0x0000000100000000)
  eden space 31744K, 100% used [0x00000000d7380000,0x00000000d9280000,0x00000000d9280000)
  from space 5120K, 0% used [0x00000000d9780000,0x00000000d9780000,0x00000000d9c80000)
  to   space 5120K, 0% used [0x00000000d9280000,0x00000000d9280000,0x00000000d9780000)
 ParOldGen       total 84992K, used 0K [0x0000000085a00000, 0x000000008ad00000, 0x00000000d7380000)
  object space 84992K, 0% used [0x0000000085a00000,0x0000000085a00000,0x000000008ad00000)
 Metaspace       used 14607K, capacity 15176K, committed 15488K, reserved 1062912K
  class space    used 1961K, capacity 2083K, committed 2176K, reserved 1048576K
Event: 5,188 GC heap after
Heap after GC invocations=1 (full 0):
 PSYoungGen      total 36864K, used 5104K [0x00000000d7380000, 0x00000000d9c80000, 0x0000000100000000)
  eden space 31744K, 0% used [0x00000000d7380000,0x00000000d7380000,0x00000000d9280000)
  from space 5120K, 99% used [0x00000000d9280000,0x00000000d977c070,0x00000000d9780000)
  to   space 5120K, 0% used [0x00000000d9780000,0x00000000d9780000,0x00000000d9c80000)
 ParOldGen       total 84992K, used 660K [0x0000000085a00000, 0x000000008ad00000, 0x00000000d7380000)
  object space 84992K, 0% used [0x0000000085a00000,0x0000000085aa53f0,0x000000008ad00000)
 Metaspace       used 14607K, capacity 15176K, committed 15488K, reserved 1062912K
  class space    used 1961K, capacity 2083K, committed 2176K, reserved 1048576K
}

Deoptimization events (10 events):
Event: 0,788 Thread 0x00007f8dd82ee000 Uncommon trap: reason=speculate_class_check action=maybe_recompile pc=0x00007f8dc92eabcc method=com.sun.javafx.css.BitSet.containsAll(Ljava/util/Collection;)Z @ 18
Event: 0,788 Thread 0x00007f8dd82ee000 Uncommon trap: reason=speculate_class_check action=maybe_recompile pc=0x00007f8dc92eabcc method=com.sun.javafx.css.BitSet.containsAll(Ljava/util/Collection;)Z @ 18
Event: 0,866 Thread 0x00007f8dd82ee000 Uncommon trap: reason=class_check action=maybe_recompile pc=0x00007f8dc911a7b8 method=java.lang.String.equals(Ljava/lang/Object;)Z @ 8
Event: 2,682 Thread 0x00007f8dd82ee000 Uncommon trap: reason=unstable_if action=reinterpret pc=0x00007f8dc9384b8c method=com.sun.javafx.css.SimpleSelector.stateMatches(Ljavafx/css/Styleable;Ljava/util/Set;)Z @ 1
Event: 5,169 Thread 0x00007f8dd82ee000 Uncommon trap: reason=unstable_if action=reinterpret pc=0x00007f8dc9381444 method=jdk.internal.org.objectweb.asm.Type.getArgumentsAndReturnSizes(Ljava/lang/String;)I @ 47
Event: 5,192 Thread 0x00007f8dd82ee000 Uncommon trap: reason=unstable_if action=reinterpret pc=0x00007f8dc941783c method=java.lang.ref.ReferenceQueue.poll()Ljava/lang/ref/Reference; @ 4
Event: 5,197 Thread 0x00007f8dd828a000 Uncommon trap: reason=unstable_if action=reinterpret pc=0x00007f8dc93d51e0 method=java.lang.StrictMath.floorOrCeil(DDDD)D @ 115
Event: 8,237 Thread 0x00007f8dd82ee000 Uncommon trap: reason=unstable_if action=reinterpret pc=0x00007f8dc9599358 method=model.SortAlgorithm.BubbleSort([I)V @ 11
Event: 8,249 Thread 0x00007f8dd82ee000 Uncommon trap: reason=unstable_if action=reinterpret pc=0x00007f8dc959f4fc method=model.SortAlgorithm.BubbleSortOptim([I)V @ 11
Event: 42,214 Thread 0x00007f8dd82ee000 Uncommon trap: reason=unstable_if action=reinterpret pc=0x00007f8dc959fac4 method=model.SortAlgorithm.aRandom([I)V @ 17

Internal exceptions (10 events):
Event: 0,492 Thread 0x00007f8dd82ee000 Exception <a 'java/lang/NullPointerException'> (0x00000000d7fdadc8) thrown at [/HUDSON3/workspace/8-2-build-linux-amd64/jdk8u74/6087/hotspot/src/share/vm/interpreter/linkResolver.cpp, line 1178]
Event: 0,492 Thread 0x00007f8dd82ee000 Exception <a 'java/lang/NullPointerException'> (0x00000000d7fdadc8) thrown at [/HUDSON3/workspace/8-2-build-linux-amd64/jdk8u74/6087/hotspot/src/share/vm/prims/jvm.cpp, line 1390]
Event: 0,516 Thread 0x00007f8dd82ee000 Exception <a 'java/lang/ArrayIndexOutOfBoundsException': 58> (0x00000000d810d908) thrown at [/HUDSON3/workspace/8-2-build-linux-amd64/jdk8u74/6087/hotspot/src/share/vm/interpreter/interpreterRuntime.cpp, line 366]
Event: 0,517 Thread 0x00007f8dd82ee000 Exception <a 'java/lang/ArrayIndexOutOfBoundsException': 18> (0x00000000d810e790) thrown at [/HUDSON3/workspace/8-2-build-linux-amd64/jdk8u74/6087/hotspot/src/share/vm/interpreter/interpreterRuntime.cpp, line 366]
Event: 0,517 Thread 0x00007f8dd82ee000 Exception <a 'java/lang/ArrayIndexOutOfBoundsException': 86> (0x00000000d810fb38) thrown at [/HUDSON3/workspace/8-2-build-linux-amd64/jdk8u74/6087/hotspot/src/share/vm/interpreter/interpreterRuntime.cpp, line 366]
Event: 0,529 Thread 0x00007f8dd82ee000 Exception <a 'java/lang/ArrayIndexOutOfBoundsException'> (0x00000000d815a7d0) thrown at [/HUDSON3/workspace/8-2-build-linux-amd64/jdk8u74/6087/hotspot/src/share/vm/runtime/sharedRuntime.cpp, line 605]
Event: 0,533 Thread 0x00007f8dd82ee000 Exception <a 'java/lang/ArrayIndexOutOfBoundsException'> (0x00000000d8170c50) thrown at [/HUDSON3/workspace/8-2-build-linux-amd64/jdk8u74/6087/hotspot/src/share/vm/runtime/sharedRuntime.cpp, line 605]
Event: 0,702 Thread 0x00007f8dd82ee000 Implicit null exception at 0x00007f8dc92a93b5 to 0x00007f8dc92a95d1
Event: 0,707 Thread 0x00007f8dd82ee000 Implicit null exception at 0x00007f8dc9241bef to 0x00007f8dc9241c59
Event: 2,682 Thread 0x00007f8dd82ee000 Implicit null exception at 0x00007f8dc9384540 to 0x00007f8dc9384b61

Events (10 events):
Event: 399,913 loading class sun/misc/Signal$1 done
Event: 399,913 Thread 0x00007f8da4001000 Thread added: 0x00007f8da4001000
Event: 399,913 loading class java/util/IdentityHashMap$KeySet
Event: 399,913 loading class java/util/IdentityHashMap$KeySet done
Event: 399,913 loading class java/util/IdentityHashMap$KeyIterator
Event: 399,913 loading class java/util/IdentityHashMap$IdentityHashMapIterator
Event: 399,914 loading class java/util/IdentityHashMap$IdentityHashMapIterator done
Event: 399,914 loading class java/util/IdentityHashMap$KeyIterator done
Event: 399,914 Thread 0x00007f8d6c001000 Thread added: 0x00007f8d6c001000
Event: 399,914 Executing VM operation: RevokeBias


Dynamic libraries:
00400000-00401000 r-xp 00000000 08:05 11946018                           /usr/lib/jvm/java-8-oracle/jre/bin/java
00600000-00601000 rw-p 00000000 08:05 11946018                           /usr/lib/jvm/java-8-oracle/jre/bin/java
00644000-00665000 rw-p 00000000 00:00 0                                  [heap]
41b54000-41bf3000 rw-p 00000000 00:00 0 
41dcd000-41dcf000 r-xs 00000000 08:05 10092721                           /tmp/.glf39bK7 (deleted)
85a00000-8ad00000 rw-p 00000000 00:00 0 
8ad00000-d7380000 ---p 00000000 00:00 0 
d7380000-d9c80000 rw-p 00000000 00:00 0 
d9c80000-100000000 ---p 00000000 00:00 0 
100000000-100220000 rw-p 00000000 00:00 0 
100220000-140000000 ---p 00000000 00:00 0 
7f8d60000000-7f8d60021000 rw-p 00000000 00:00 0 
7f8d60021000-7f8d64000000 ---p 00000000 00:00 0 
7f8d68000000-7f8d68021000 rw-p 00000000 00:00 0 
7f8d68021000-7f8d6c000000 ---p 00000000 00:00 0 
7f8d6c000000-7f8d6c021000 rw-p 00000000 00:00 0 
7f8d6c021000-7f8d70000000 ---p 00000000 00:00 0 
7f8d70000000-7f8d70317000 rw-p 00000000 00:00 0 
7f8d70317000-7f8d74000000 ---p 00000000 00:00 0 
7f8d74000000-7f8d74021000 rw-p 00000000 00:00 0 
7f8d74021000-7f8d78000000 ---p 00000000 00:00 0 
7f8d78000000-7f8d78021000 rw-p 00000000 00:00 0 
7f8d78021000-7f8d7c000000 ---p 00000000 00:00 0 
7f8d7d8cd000-7f8d7d8d0000 ---p 00000000 00:00 0 
7f8d7d8d0000-7f8d7d9ce000 rw-p 00000000 00:00 0                          [stack:28547]
7f8d7d9ce000-7f8d7d9d1000 ---p 00000000 00:00 0 
7f8d7d9d1000-7f8d7dacf000 rw-p 00000000 00:00 0                          [stack:28546]
7f8d7dacf000-7f8d7dccf000 rw-s 75c35000 00:06 575                        /dev/nvidiactl
7f8d7dccf000-7f8d7ddcf000 rw-p 00000000 00:00 0 
7f8d7ddcf000-7f8d7decf000 ---p 00000000 00:00 0 
7f8d7decf000-7f8d7e0cf000 rw-s 14cca6000 00:06 575                       /dev/nvidiactl
7f8d7e0cf000-7f8d7e8d2000 rw-p 00000000 00:00 0 
7f8d7e8d2000-7f8d7e8e4000 r--s 00345000 08:05 11945967                   /usr/lib/jvm/java-8-oracle/jre/lib/resources.jar
7f8d7e8e4000-7f8d7e8e7000 ---p 00000000 00:00 0 
7f8d7e8e7000-7f8d7e9e5000 rw-p 00000000 00:00 0                          [stack:28465]
7f8d7e9e5000-7f8d7ea9e000 r--p 00000000 08:05 12979753                   /usr/share/fonts/truetype/dejavu/DejaVuSans.ttf
7f8d7ea9e000-7f8d7eab2000 r--p 00000000 08:05 11945835                   /usr/lib/jvm/java-8-oracle/jre/lib/fonts/LucidaBrightItalic.ttf
7f8d7eab2000-7f8d7eac5000 r--p 00000000 08:05 11945832                   /usr/lib/jvm/java-8-oracle/jre/lib/fonts/LucidaBrightDemiBold.ttf
7f8d7eac5000-7f8d7eb70000 r--p 00000000 08:05 11945831                   /usr/lib/jvm/java-8-oracle/jre/lib/fonts/LucidaSansRegular.ttf
7f8d7eb70000-7f8d7ebc5000 r--p 00000000 08:05 11945834                   /usr/lib/jvm/java-8-oracle/jre/lib/fonts/LucidaBrightRegular.ttf
7f8d7ebc5000-7f8d7ebff000 r--p 00000000 08:05 11945833                   /usr/lib/jvm/java-8-oracle/jre/lib/fonts/LucidaTypewriterBold.ttf
7f8d7ebff000-7f8d7ec12000 r--p 00000000 08:05 11945839                   /usr/lib/jvm/java-8-oracle/jre/lib/fonts/LucidaBrightDemiItalic.ttf
7f8d7ec12000-7f8d7ec60000 r--p 00000000 08:05 11945838                   /usr/lib/jvm/java-8-oracle/jre/lib/fonts/LucidaSansDemiBold.ttf
7f8d7ec60000-7f8d7ec9c000 r--p 00000000 08:05 11945837                   /usr/lib/jvm/java-8-oracle/jre/lib/fonts/LucidaTypewriterRegular.ttf
7f8d7ec9c000-7f8d7eca0000 r-xp 00000000 08:05 11945781                   /usr/lib/jvm/java-8-oracle/jre/lib/amd64/libjavafx_font_pango.so
7f8d7eca0000-7f8d7ee9f000 ---p 00004000 08:05 11945781                   /usr/lib/jvm/java-8-oracle/jre/lib/amd64/libjavafx_font_pango.so
7f8d7ee9f000-7f8d7eea0000 rw-p 00003000 08:05 11945781                   /usr/lib/jvm/java-8-oracle/jre/lib/amd64/libjavafx_font_pango.so
7f8d7eea0000-7f8d7eea5000 r--s 00084000 08:05 11945842                   /usr/lib/jvm/java-8-oracle/jre/lib/jfr.jar
7f8d7eea5000-7f8d7f0a5000 rw-p 00000000 00:00 0 
7f8d7f0a5000-7f8d7f0d4000 r-xp 00000000 08:05 12190892                   /usr/lib/x86_64-linux-gnu/gtk-2.0/2.10.0/engines/libmurrine.so
7f8d7f0d4000-7f8d7f2d4000 ---p 0002f000 08:05 12190892                   /usr/lib/x86_64-linux-gnu/gtk-2.0/2.10.0/engines/libmurrine.so
7f8d7f2d4000-7f8d7f2d5000 r--p 0002f000 08:05 12190892                   /usr/lib/x86_64-linux-gnu/gtk-2.0/2.10.0/engines/libmurrine.so
7f8d7f2d5000-7f8d7f2d6000 rw-p 00030000 08:05 12190892                   /usr/lib/x86_64-linux-gnu/gtk-2.0/2.10.0/engines/libmurrine.so
7f8d7f2d6000-7f8d7f2e1000 r--s 00000000 08:05 7078093                    /var/cache/fontconfig/945677eb7aeaf62f1d50efc3fb3ec7d8-le64.cache-4
7f8d7f2e1000-7f8d7f2e7000 r--s 00000000 08:05 7078076                    /var/cache/fontconfig/2cd17615ca594fa2959ae173292e504c-le64.cache-4
7f8d7f2e7000-7f8d7f2e8000 r--s 00000000 08:05 7078073                    /var/cache/fontconfig/0d8c3b2ac0904cb8a57a757ad11a4a08-le64.cache-4
7f8d7f2e8000-7f8d7f2ef000 r--s 00000000 08:05 7078097                    /var/cache/fontconfig/a755afe4a08bf5b97852ceb7400b47bc-le64.cache-4
7f8d7f2ef000-7f8d7f2f3000 r--s 00000000 08:05 7078088                    /var/cache/fontconfig/6d41288fd70b0be22e8c3a91e032eec0-le64.cache-4
7f8d7f2f3000-7f8d7f2f4000 r--s 00000000 08:05 7078096                    /var/cache/fontconfig/a6354e3ac43af67bd8d7b8e43c34e49f-le64.cache-4
7f8d7f2f4000-7f8d7f30a000 r--s 00000000 08:05 7078071                    /var/cache/fontconfig/04aabc0a78ac019cf9454389977116d2-le64.cache-4
7f8d7f30a000-7f8d7f30b000 r--s 00000000 08:05 7078075                    /var/cache/fontconfig/1ac9eb803944fde146138c791f5cc56a-le64.cache-4
7f8d7f30b000-7f8d7f30f000 r--s 00000000 08:05 7078079                    /var/cache/fontconfig/385c0604a188198f04d133e54aba7fe7-le64.cache-4
7f8d7f30f000-7f8d7f310000 r--s 00000000 08:05 7078107                    /var/cache/fontconfig/dc05db6664285cc2f12bf69c139ae4c3-le64.cache-4
7f8d7f310000-7f8d7f312000 r--s 00000000 08:05 7078090                    /var/cache/fontconfig/767a8244fc0220cfb567a839d0392e0b-le64.cache-4
7f8d7f312000-7f8d7f314000 r--s 00000000 08:05 7078087                    /var/cache/fontconfig/69fb4bbe1b2fa860e172a32ebf28505c-le64.cache-4
7f8d7f314000-7f8d7f315000 r--s 00000000 08:05 7089019                    /var/cache/fontconfig/4794a0821666d79190d59a36cb4f44b5-le64.cache-4
7f8d7f315000-7f8d7f31a000 r--s 00000000 08:05 7078092                    /var/cache/fontconfig/8801497958630a81b71ace7c5f9b32a8-le64.cache-4
7f8d7f31a000-7f8d7f321000 r--s 00000000 08:05 7078077                    /var/cache/fontconfig/3047814df9a2f067bd2d96a2b9c36e5a-le64.cache-4
7f8d7f321000-7f8d7f334000 r--s 00000000 08:05 7078104                    /var/cache/fontconfig/d52a8644073d54c13679302ca1180695-le64.cache-4
7f8d7f334000-7f8d7f33e000 r--s 00000000 08:05 7078080                    /var/cache/fontconfig/3f7329c5293ffd510edef78f73874cfd-le64.cache-4
7f8d7f33e000-7f8d7f349000 r--s 00000000 08:05 7078105                    /var/cache/fontconfig/d589a48862398ed80a3d6066f4f56f4c-le64.cache-4
7f8d7f349000-7f8d7f34e000 r-xp 00000000 08:05 11945777                   /usr/lib/jvm/java-8-oracle/jre/lib/amd64/libjavafx_font_freetype.so
7f8d7f34e000-7f8d7f54d000 ---p 00005000 08:05 11945777                   /usr/lib/jvm/java-8-oracle/jre/lib/amd64/libjavafx_font_freetype.so
7f8d7f54d000-7f8d7f54e000 rw-p 00004000 08:05 11945777                   /usr/lib/jvm/java-8-oracle/jre/lib/amd64/libjavafx_font_freetype.so
7f8d7f54e000-7f8d7f551000 r-xp 00000000 08:05 11945741                   /usr/lib/jvm/java-8-oracle/jre/lib/amd64/libjavafx_font.so
7f8d7f551000-7f8d7f750000 ---p 00003000 08:05 11945741                   /usr/lib/jvm/java-8-oracle/jre/lib/amd64/libjavafx_font.so
7f8d7f750000-7f8d7f751000 rw-p 00002000 08:05 11945741                   /usr/lib/jvm/java-8-oracle/jre/lib/amd64/libjavafx_font.so
7f8d7f751000-7f8d7f951000 rw-p 00000000 00:00 0 
7f8d7f951000-7f8d7f954000 ---p 00000000 00:00 0 
7f8d7f954000-7f8d7fa52000 rw-p 00000000 00:00 0                          [stack:28464]
7f8d7fa52000-7f8d7fa55000 ---p 00000000 00:00 0 
7f8d7fa55000-7f8d7fb53000 rw-p 00000000 00:00 0                          [stack:28463]
7f8d7fb53000-7f8d7fb56000 ---p 00000000 00:00 0 
7f8d7fb56000-7f8d7fc54000 rw-p 00000000 00:00 0                          [stack:28462]
7f8d7fc54000-7f8d7fc7e000 r--p 00000000 08:05 12457303                   /usr/share/locale-langpack/es/LC_MESSAGES/gtk20-properties.mo
7f8d7fc7e000-7f8d7fca4000 r--p 00000000 08:05 12456184                   /usr/share/locale-langpack/es/LC_MESSAGES/libc.mo
7f8d7fca4000-7f8d7fccd000 r-xp 00000000 08:05 11945789                   /usr/lib/jvm/java-8-oracle/jre/lib/amd64/libglass.so
7f8d7fccd000-7f8d7fecc000 ---p 00029000 08:05 11945789                   /usr/lib/jvm/java-8-oracle/jre/lib/amd64/libglass.so
7f8d7fecc000-7f8d7fecf000 rw-p 00028000 08:05 11945789                   /usr/lib/jvm/java-8-oracle/jre/lib/amd64/libglass.so
7f8d7fecf000-7f8d7ff4f000 rw-s 14e629000 00:06 575                       /dev/nvidiactl
7f8d7ff4f000-7f8d7ffcf000 rw-s 1ed4f5000 00:06 575                       /dev/nvidiactl
7f8d7ffcf000-7f8d800cf000 rw-s 14cd3b000 00:06 575                       /dev/nvidiactl
7f8d800cf000-7f8d800d5000 r-xp 00000000 08:05 11936733                   /usr/lib/x86_64-linux-gnu/libdatrie.so.1.3.2
7f8d800d5000-7f8d802d4000 ---p 00006000 08:05 11936733                   /usr/lib/x86_64-linux-gnu/libdatrie.so.1.3.2
7f8d802d4000-7f8d802d5000 r--p 00005000 08:05 11936733                   /usr/lib/x86_64-linux-gnu/libdatrie.so.1.3.2
7f8d802d5000-7f8d802d6000 rw-p 00006000 08:05 11936733                   /usr/lib/x86_64-linux-gnu/libdatrie.so.1.3.2
7f8d802d6000-7f8d802db000 r-xp 00000000 08:05 11936542                   /usr/lib/x86_64-linux-gnu/libXdmcp.so.6.0.0
7f8d802db000-7f8d804da000 ---p 00005000 08:05 11936542                   /usr/lib/x86_64-linux-gnu/libXdmcp.so.6.0.0
7f8d804da000-7f8d804db000 r--p 00004000 08:05 11936542                   /usr/lib/x86_64-linux-gnu/libXdmcp.so.6.0.0
7f8d804db000-7f8d804dc000 rw-p 00005000 08:05 11936542                   /usr/lib/x86_64-linux-gnu/libXdmcp.so.6.0.0
7f8d804dc000-7f8d804de000 r-xp 00000000 08:05 11936531                   /usr/lib/x86_64-linux-gnu/libXau.so.6.0.0
7f8d804de000-7f8d806de000 ---p 00002000 08:05 11936531                   /usr/lib/x86_64-linux-gnu/libXau.so.6.0.0
7f8d806de000-7f8d806df000 r--p 00002000 08:05 11936531                   /usr/lib/x86_64-linux-gnu/libXau.so.6.0.0
7f8d806df000-7f8d806e0000 rw-p 00003000 08:05 11936531                   /usr/lib/x86_64-linux-gnu/libXau.so.6.0.0
7f8d806e0000-7f8d80703000 r-xp 00000000 08:05 11928957                   /usr/lib/x86_64-linux-gnu/libgraphite2.so.3.0.1
7f8d80703000-7f8d80902000 ---p 00023000 08:05 11928957                   /usr/lib/x86_64-linux-gnu/libgraphite2.so.3.0.1
7f8d80902000-7f8d80904000 r--p 00022000 08:05 11928957                   /usr/lib/x86_64-linux-gnu/libgraphite2.so.3.0.1
7f8d80904000-7f8d80905000 rw-p 00024000 08:05 11928957                   /usr/lib/x86_64-linux-gnu/libgraphite2.so.3.0.1
7f8d80905000-7f8d82302000 r-xp 00000000 08:05 12456899                   /usr/lib/nvidia-352/libnvidia-glcore.so.352.63
7f8d82302000-7f8d82322000 rwxp 019fd000 08:05 12456899                   /usr/lib/nvidia-352/libnvidia-glcore.so.352.63
7f8d82322000-7f8d825e9000 r-xp 01a1d000 08:05 12456899                   /usr/lib/nvidia-352/libnvidia-glcore.so.352.63
7f8d825e9000-7f8d827e8000 ---p 01ce4000 08:05 12456899                   /usr/lib/nvidia-352/libnvidia-glcore.so.352.63
7f8d827e8000-7f8d83384000 rw-p 01ce3000 08:05 12456899                   /usr/lib/nvidia-352/libnvidia-glcore.so.352.63
7f8d83384000-7f8d83398000 rw-p 00000000 00:00 0 
7f8d83398000-7f8d8339b000 r-xp 00000000 08:05 12456880                   /usr/lib/nvidia-352/tls/libnvidia-tls.so.352.63
7f8d8339b000-7f8d8359a000 ---p 00003000 08:05 12456880                   /usr/lib/nvidia-352/tls/libnvidia-tls.so.352.63
7f8d8359a000-7f8d8359b000 rw-p 00002000 08:05 12456880                   /usr/lib/nvidia-352/tls/libnvidia-tls.so.352.63
7f8d8359b000-7f8d83607000 r-xp 00000000 08:05 6033828                    /lib/x86_64-linux-gnu/libpcre.so.3.13.1
7f8d83607000-7f8d83806000 ---p 0006c000 08:05 6033828                    /lib/x86_64-linux-gnu/libpcre.so.3.13.1
7f8d83806000-7f8d83807000 r--p 0006b000 08:05 6033828                    /lib/x86_64-linux-gnu/libpcre.so.3.13.1
7f8d83807000-7f8d83808000 rw-p 0006c000 08:05 6033828                    /lib/x86_64-linux-gnu/libpcre.so.3.13.1
7f8d83808000-7f8d8380f000 r-xp 00000000 08:05 11936822                   /usr/lib/x86_64-linux-gnu/libffi.so.6.0.4
7f8d8380f000-7f8d83a0e000 ---p 00007000 08:05 11936822                   /usr/lib/x86_64-linux-gnu/libffi.so.6.0.4
7f8d83a0e000-7f8d83a0f000 r--p 00006000 08:05 11936822                   /usr/lib/x86_64-linux-gnu/libffi.so.6.0.4
7f8d83a0f000-7f8d83a10000 rw-p 00007000 08:05 11936822                   /usr/lib/x86_64-linux-gnu/libffi.so.6.0.4
7f8d83a10000-7f8d83a36000 r-xp 00000000 08:05 6033735                    /lib/x86_64-linux-gnu/libexpat.so.1.6.0
7f8d83a36000-7f8d83c36000 ---p 00026000 08:05 6033735                    /lib/x86_64-linux-gnu/libexpat.so.1.6.0
7f8d83c36000-7f8d83c38000 r--p 00026000 08:05 6033735                    /lib/x86_64-linux-gnu/libexpat.so.1.6.0
7f8d83c38000-7f8d83c39000 rw-p 00028000 08:05 6033735                    /lib/x86_64-linux-gnu/libexpat.so.1.6.0
7f8d83c39000-7f8d83c41000 r-xp 00000000 08:05 11937662                   /usr/lib/x86_64-linux-gnu/libthai.so.0.2.2
7f8d83c41000-7f8d83e40000 ---p 00008000 08:05 11937662                   /usr/lib/x86_64-linux-gnu/libthai.so.0.2.2
7f8d83e40000-7f8d83e41000 r--p 00007000 08:05 11937662                   /usr/lib/x86_64-linux-gnu/libthai.so.0.2.2
7f8d83e41000-7f8d83e42000 rw-p 00008000 08:05 11937662                   /usr/lib/x86_64-linux-gnu/libthai.so.0.2.2
7f8d83e42000-7f8d83e62000 r-xp 00000000 08:05 11937830                   /usr/lib/x86_64-linux-gnu/libxcb.so.1.1.0
7f8d83e62000-7f8d84061000 ---p 00020000 08:05 11937830                   /usr/lib/x86_64-linux-gnu/libxcb.so.1.1.0
7f8d84061000-7f8d84062000 r--p 0001f000 08:05 11937830                   /usr/lib/x86_64-linux-gnu/libxcb.so.1.1.0
7f8d84062000-7f8d84063000 rw-p 00020000 08:05 11937830                   /usr/lib/x86_64-linux-gnu/libxcb.so.1.1.0
7f8d84063000-7f8d8406b000 r-xp 00000000 08:05 11937816                   /usr/lib/x86_64-linux-gnu/libxcb-render.so.0.0.0
7f8d8406b000-7f8d8426b000 ---p 00008000 08:05 11937816                   /usr/lib/x86_64-linux-gnu/libxcb-render.so.0.0.0
7f8d8426b000-7f8d8426c000 r--p 00008000 08:05 11937816                   /usr/lib/x86_64-linux-gnu/libxcb-render.so.0.0.0
7f8d8426c000-7f8d8426d000 rw-p 00009000 08:05 11937816                   /usr/lib/x86_64-linux-gnu/libxcb-render.so.0.0.0
7f8d8426d000-7f8d8426f000 r-xp 00000000 08:05 11937820                   /usr/lib/x86_64-linux-gnu/libxcb-shm.so.0.0.0
7f8d8426f000-7f8d8446f000 ---p 00002000 08:05 11937820                   /usr/lib/x86_64-linux-gnu/libxcb-shm.so.0.0.0
7f8d8446f000-7f8d84470000 r--p 00002000 08:05 11937820                   /usr/lib/x86_64-linux-gnu/libxcb-shm.so.0.0.0
7f8d84470000-7f8d84471000 rw-p 00003000 08:05 11937820                   /usr/lib/x86_64-linux-gnu/libxcb-shm.so.0.0.0
7f8d84471000-7f8d84496000 r-xp 00000000 08:05 6034921                    /lib/x86_64-linux-gnu/libpng12.so.0.51.0
7f8d84496000-7f8d84695000 ---p 00025000 08:05 6034921                    /lib/x86_64-linux-gnu/libpng12.so.0.51.0
7f8d84695000-7f8d84696000 r--p 00024000 08:05 6034921                    /lib/x86_64-linux-gnu/libpng12.so.0.51.0
7f8d84696000-7f8d84697000 rw-p 00025000 08:05 6034921                    /lib/x86_64-linux-gnu/libpng12.so.0.51.0
7f8d84697000-7f8d8473c000 r-xp 00000000 08:05 11937412                   /usr/lib/x86_64-linux-gnu/libpixman-1.so.0.32.6
7f8d8473c000-7f8d8493b000 ---p 000a5000 08:05 11937412                   /usr/lib/x86_64-linux-gnu/libpixman-1.so.0.32.6
7f8d8493b000-7f8d84943000 r--p 000a4000 08:05 11937412                   /usr/lib/x86_64-linux-gnu/libpixman-1.so.0.32.6
7f8d84943000-7f8d84944000 rw-p 000ac000 08:05 11937412                   /usr/lib/x86_64-linux-gnu/libpixman-1.so.0.32.6
7f8d84944000-7f8d849a0000 r-xp 00000000 08:05 11937048                   /usr/lib/x86_64-linux-gnu/libharfbuzz.so.0.10000.1
7f8d849a0000-7f8d84ba0000 ---p 0005c000 08:05 11937048                   /usr/lib/x86_64-linux-gnu/libharfbuzz.so.0.10000.1
7f8d84ba0000-7f8d84ba1000 r--p 0005c000 08:05 11937048                   /usr/lib/x86_64-linux-gnu/libharfbuzz.so.0.10000.1
7f8d84ba1000-7f8d84ba2000 rw-p 0005d000 08:05 11937048                   /usr/lib/x86_64-linux-gnu/libharfbuzz.so.0.10000.1
7f8d84ba2000-7f8d84bb9000 r-xp 00000000 08:05 6030111                    /lib/x86_64-linux-gnu/libresolv-2.21.so
7f8d84bb9000-7f8d84db9000 ---p 00017000 08:05 6030111                    /lib/x86_64-linux-gnu/libresolv-2.21.so
7f8d84db9000-7f8d84dba000 r--p 00017000 08:05 6030111                    /lib/x86_64-linux-gnu/libresolv-2.21.so
7f8d84dba000-7f8d84dbb000 rw-p 00018000 08:05 6030111                    /lib/x86_64-linux-gnu/libresolv-2.21.so
7f8d84dbb000-7f8d84dbd000 rw-p 00000000 00:00 0 
7f8d84dbd000-7f8d84dde000 r-xp 00000000 08:05 6033857                    /lib/x86_64-linux-gnu/libselinux.so.1
7f8d84dde000-7f8d84fdd000 ---p 00021000 08:05 6033857                    /lib/x86_64-linux-gnu/libselinux.so.1
7f8d84fdd000-7f8d84fde000 r--p 00020000 08:05 6033857                    /lib/x86_64-linux-gnu/libselinux.so.1
7f8d84fde000-7f8d84fdf000 rw-p 00021000 08:05 6033857                    /lib/x86_64-linux-gnu/libselinux.so.1
7f8d84fdf000-7f8d84fe1000 rw-p 00000000 00:00 0 
7f8d84fe1000-7f8d84ffa000 r-xp 00000000 08:05 6033888                    /lib/x86_64-linux-gnu/libz.so.1.2.8
7f8d84ffa000-7f8d851f9000 ---p 00019000 08:05 6033888                    /lib/x86_64-linux-gnu/libz.so.1.2.8
7f8d851f9000-7f8d851fa000 r--p 00018000 08:05 6033888                    /lib/x86_64-linux-gnu/libz.so.1.2.8
7f8d851fa000-7f8d851fb000 rw-p 00019000 08:05 6033888                    /lib/x86_64-linux-gnu/libz.so.1.2.8
7f8d851fb000-7f8d8520c000 r-xp 00000000 08:05 11936544                   /usr/lib/x86_64-linux-gnu/libXext.so.6.4.0
7f8d8520c000-7f8d8540b000 ---p 00011000 08:05 11936544                   /usr/lib/x86_64-linux-gnu/libXext.so.6.4.0
7f8d8540b000-7f8d8540c000 r--p 00010000 08:05 11936544                   /usr/lib/x86_64-linux-gnu/libXext.so.6.4.0
7f8d8540c000-7f8d8540d000 rw-p 00011000 08:05 11936544                   /usr/lib/x86_64-linux-gnu/libXext.so.6.4.0
7f8d8540d000-7f8d8540f000 r-xp 00000000 08:05 11936540                   /usr/lib/x86_64-linux-gnu/libXdamage.so.1.1.0
7f8d8540f000-7f8d8560e000 ---p 00002000 08:05 11936540                   /usr/lib/x86_64-linux-gnu/libXdamage.so.1.1.0
7f8d8560e000-7f8d8560f000 r--p 00001000 08:05 11936540                   /usr/lib/x86_64-linux-gnu/libXdamage.so.1.1.0
7f8d8560f000-7f8d85610000 rw-p 00002000 08:05 11936540                   /usr/lib/x86_64-linux-gnu/libXdamage.so.1.1.0
7f8d85610000-7f8d85612000 r-xp 00000000 08:05 11936536                   /usr/lib/x86_64-linux-gnu/libXcomposite.so.1.0.0
7f8d85612000-7f8d85811000 ---p 00002000 08:05 11936536                   /usr/lib/x86_64-linux-gnu/libXcomposite.so.1.0.0
7f8d85811000-7f8d85812000 r--p 00001000 08:05 11936536                   /usr/lib/x86_64-linux-gnu/libXcomposite.so.1.0.0
7f8d85812000-7f8d85813000 rw-p 00002000 08:05 11936536                   /usr/lib/x86_64-linux-gnu/libXcomposite.so.1.0.0
7f8d85813000-7f8d8581c000 r-xp 00000000 08:05 11936538                   /usr/lib/x86_64-linux-gnu/libXcursor.so.1.0.2
7f8d8581c000-7f8d85a1b000 ---p 00009000 08:05 11936538                   /usr/lib/x86_64-linux-gnu/libXcursor.so.1.0.2
7f8d85a1b000-7f8d85a1c000 r--p 00008000 08:05 11936538                   /usr/lib/x86_64-linux-gnu/libXcursor.so.1.0.2
7f8d85a1c000-7f8d85a1d000 rw-p 00009000 08:05 11936538                   /usr/lib/x86_64-linux-gnu/libXcursor.so.1.0.2
7f8d85a1d000-7f8d85a27000 r-xp 00000000 08:05 11936562                   /usr/lib/x86_64-linux-gnu/libXrandr.so.2.2.0
7f8d85a27000-7f8d85c26000 ---p 0000a000 08:05 11936562                   /usr/lib/x86_64-linux-gnu/libXrandr.so.2.2.0
7f8d85c26000-7f8d85c27000 r--p 00009000 08:05 11936562                   /usr/lib/x86_64-linux-gnu/libXrandr.so.2.2.0
7f8d85c27000-7f8d85c28000 rw-p 0000a000 08:05 11936562                   /usr/lib/x86_64-linux-gnu/libXrandr.so.2.2.0
7f8d85c28000-7f8d85c37000 r-xp 00000000 08:05 11936552                   /usr/lib/x86_64-linux-gnu/libXi.so.6.1.0
7f8d85c37000-7f8d85e36000 ---p 0000f000 08:05 11936552                   /usr/lib/x86_64-linux-gnu/libXi.so.6.1.0
7f8d85e36000-7f8d85e37000 r--p 0000e000 08:05 11936552                   /usr/lib/x86_64-linux-gnu/libXi.so.6.1.0
7f8d85e37000-7f8d85e38000 rw-p 0000f000 08:05 11936552                   /usr/lib/x86_64-linux-gnu/libXi.so.6.1.0
7f8d85e38000-7f8d85e3a000 r-xp 00000000 08:05 11936554                   /usr/lib/x86_64-linux-gnu/libXinerama.so.1.0.0
7f8d85e3a000-7f8d86039000 ---p 00002000 08:05 11936554                   /usr/lib/x86_64-linux-gnu/libXinerama.so.1.0.0
7f8d86039000-7f8d8603a000 r--p 00001000 08:05 11936554                   /usr/lib/x86_64-linux-gnu/libXinerama.so.1.0.0
7f8d8603a000-7f8d8603b000 rw-p 00002000 08:05 11936554                   /usr/lib/x86_64-linux-gnu/libXinerama.so.1.0.0
7f8d8603b000-7f8d86044000 r-xp 00000000 08:05 11936564                   /usr/lib/x86_64-linux-gnu/libXrender.so.1.3.0
7f8d86044000-7f8d86243000 ---p 00009000 08:05 11936564                   /usr/lib/x86_64-linux-gnu/libXrender.so.1.3.0
7f8d86243000-7f8d86244000 r--p 00008000 08:05 11936564                   /usr/lib/x86_64-linux-gnu/libXrender.so.1.3.0
7f8d86244000-7f8d86245000 rw-p 00009000 08:05 11936564                   /usr/lib/x86_64-linux-gnu/libXrender.so.1.3.0
7f8d86245000-7f8d8624a000 r-xp 00000000 08:05 11936546                   /usr/lib/x86_64-linux-gnu/libXfixes.so.3.1.0
7f8d8624a000-7f8d86449000 ---p 00005000 08:05 11936546                   /usr/lib/x86_64-linux-gnu/libXfixes.so.3.1.0
7f8d86449000-7f8d8644a000 r--p 00004000 08:05 11936546                   /usr/lib/x86_64-linux-gnu/libXfixes.so.3.1.0
7f8d8644a000-7f8d8644b000 rw-p 00005000 08:05 11936546                   /usr/lib/x86_64-linux-gnu/libXfixes.so.3.1.0
7f8d8644b000-7f8d86461000 r-xp 00000000 08:05 6033742                    /lib/x86_64-linux-gnu/libgcc_s.so.1
7f8d86461000-7f8d86660000 ---p 00016000 08:05 6033742                    /lib/x86_64-linux-gnu/libgcc_s.so.1
7f8d86660000-7f8d86661000 r--p 00015000 08:05 6033742                    /lib/x86_64-linux-gnu/libgcc_s.so.1
7f8d86661000-7f8d86662000 rw-p 00016000 08:05 6033742                    /lib/x86_64-linux-gnu/libgcc_s.so.1
7f8d86662000-7f8d867d5000 r-xp 00000000 08:05 11937627                   /usr/lib/x86_64-linux-gnu/libstdc++.so.6.0.21
7f8d867d5000-7f8d869d4000 ---p 00173000 08:05 11937627                   /usr/lib/x86_64-linux-gnu/libstdc++.so.6.0.21
7f8d869d4000-7f8d869de000 r--p 00172000 08:05 11937627                   /usr/lib/x86_64-linux-gnu/libstdc++.so.6.0.21
7f8d869de000-7f8d869e0000 rw-p 0017c000 08:05 11937627                   /usr/lib/x86_64-linux-gnu/libstdc++.so.6.0.21
7f8d869e0000-7f8d869e4000 rw-p 00000000 00:00 0 
7f8d869e4000-7f8d86aa2000 r-xp 00000000 08:05 12456881                   /usr/lib/nvidia-352/libGL.so.352.63
7f8d86aa2000-7f8d86ad5000 rwxp 000be000 08:05 12456881                   /usr/lib/nvidia-352/libGL.so.352.63
7f8d86ad5000-7f8d86ae7000 r-xp 000f1000 08:05 12456881                   /usr/lib/nvidia-352/libGL.so.352.63
7f8d86ae7000-7f8d86ce6000 ---p 00103000 08:05 12456881                   /usr/lib/nvidia-352/libGL.so.352.63
7f8d86ce6000-7f8d86d0e000 rw-p 00102000 08:05 12456881                   /usr/lib/nvidia-352/libGL.so.352.63
7f8d86d0e000-7f8d86d14000 rw-p 00000000 00:00 0 
7f8d86d14000-7f8d86d19000 r-xp 00000000 08:05 11936580                   /usr/lib/x86_64-linux-gnu/libXxf86vm.so.1.0.0
7f8d86d19000-7f8d86f18000 ---p 00005000 08:05 11936580                   /usr/lib/x86_64-linux-gnu/libXxf86vm.so.1.0.0
7f8d86f18000-7f8d86f19000 r--p 00004000 08:05 11936580                   /usr/lib/x86_64-linux-gnu/libXxf86vm.so.1.0.0
7f8d86f19000-7f8d86f1a000 rw-p 00005000 08:05 11936580                   /usr/lib/x86_64-linux-gnu/libXxf86vm.so.1.0.0
7f8d86f1a000-7f8d8704f000 r-xp 00000000 08:05 11936529                   /usr/lib/x86_64-linux-gnu/libX11.so.6.3.0
7f8d8704f000-7f8d8724f000 ---p 00135000 08:05 11936529                   /usr/lib/x86_64-linux-gnu/libX11.so.6.3.0
7f8d8724f000-7f8d87250000 r--p 00135000 08:05 11936529                   /usr/lib/x86_64-linux-gnu/libX11.so.6.3.0
7f8d87250000-7f8d87254000 rw-p 00136000 08:05 11936529                   /usr/lib/x86_64-linux-gnu/libX11.so.6.3.0
7f8d87254000-7f8d87259000 r-xp 00000000 08:05 11936570                   /usr/lib/x86_64-linux-gnu/libXtst.so.6.1.0
7f8d87259000-7f8d87458000 ---p 00005000 08:05 11936570                   /usr/lib/x86_64-linux-gnu/libXtst.so.6.1.0
7f8d87458000-7f8d87459000 r--p 00004000 08:05 11936570                   /usr/lib/x86_64-linux-gnu/libXtst.so.6.1.0
7f8d87459000-7f8d8745a000 rw-p 00005000 08:05 11936570                   /usr/lib/x86_64-linux-gnu/libXtst.so.6.1.0
7f8d8745a000-7f8d87567000 r-xp 00000000 08:05 6030489                    /lib/x86_64-linux-gnu/libglib-2.0.so.0.4600.2
7f8d87567000-7f8d87766000 ---p 0010d000 08:05 6030489                    /lib/x86_64-linux-gnu/libglib-2.0.so.0.4600.2
7f8d87766000-7f8d87767000 r--p 0010c000 08:05 6030489                    /lib/x86_64-linux-gnu/libglib-2.0.so.0.4600.2
7f8d87767000-7f8d87768000 rw-p 0010d000 08:05 6030489                    /lib/x86_64-linux-gnu/libglib-2.0.so.0.4600.2
7f8d87768000-7f8d87769000 rw-p 00000000 00:00 0 
7f8d87769000-7f8d8776a000 r-xp 00000000 08:05 11927924                   /usr/lib/x86_64-linux-gnu/libgthread-2.0.so.0.4600.2
7f8d8776a000-7f8d87969000 ---p 00001000 08:05 11927924                   /usr/lib/x86_64-linux-gnu/libgthread-2.0.so.0.4600.2
7f8d87969000-7f8d8796a000 r--p 00000000 08:05 11927924                   /usr/lib/x86_64-linux-gnu/libgthread-2.0.so.0.4600.2
7f8d8796a000-7f8d8796b000 rw-p 00001000 08:05 11927924                   /usr/lib/x86_64-linux-gnu/libgthread-2.0.so.0.4600.2
7f8d8796b000-7f8d8796e000 r-xp 00000000 08:05 11927953                   /usr/lib/x86_64-linux-gnu/libgmodule-2.0.so.0.4600.2
7f8d8796e000-7f8d87b6d000 ---p 00003000 08:05 11927953                   /usr/lib/x86_64-linux-gnu/libgmodule-2.0.so.0.4600.2
7f8d87b6d000-7f8d87b6e000 r--p 00002000 08:05 11927953                   /usr/lib/x86_64-linux-gnu/libgmodule-2.0.so.0.4600.2
7f8d87b6e000-7f8d87b6f000 rw-p 00003000 08:05 11927953                   /usr/lib/x86_64-linux-gnu/libgmodule-2.0.so.0.4600.2
7f8d87b6f000-7f8d87bc1000 r-xp 00000000 08:05 11927955                   /usr/lib/x86_64-linux-gnu/libgobject-2.0.so.0.4600.2
7f8d87bc1000-7f8d87dc0000 ---p 00052000 08:05 11927955                   /usr/lib/x86_64-linux-gnu/libgobject-2.0.so.0.4600.2
7f8d87dc0000-7f8d87dc1000 r--p 00051000 08:05 11927955                   /usr/lib/x86_64-linux-gnu/libgobject-2.0.so.0.4600.2
7f8d87dc1000-7f8d87dc2000 rw-p 00052000 08:05 11927955                   /usr/lib/x86_64-linux-gnu/libgobject-2.0.so.0.4600.2
7f8d87dc2000-7f8d87dfe000 r-xp 00000000 08:05 11936834                   /usr/lib/x86_64-linux-gnu/libfontconfig.so.1.8.0
7f8d87dfe000-7f8d87ffd000 ---p 0003c000 08:05 11936834                   /usr/lib/x86_64-linux-gnu/libfontconfig.so.1.8.0
7f8d87ffd000-7f8d87fff000 r--p 0003b000 08:05 11936834                   /usr/lib/x86_64-linux-gnu/libfontconfig.so.1.8.0
7f8d87fff000-7f8d88000000 rw-p 0003d000 08:05 11936834                   /usr/lib/x86_64-linux-gnu/libfontconfig.so.1.8.0
7f8d88000000-7f8d88021000 rw-p 00000000 00:00 0 
7f8d88021000-7f8d8c000000 ---p 00000000 00:00 0 
7f8d8c000000-7f8d8c965000 rw-p 00000000 00:00 0 
7f8d8c965000-7f8d90000000 ---p 00000000 00:00 0 
7f8d90000000-7f8d9051b000 rw-p 00000000 00:00 0 
7f8d9051b000-7f8d94000000 ---p 00000000 00:00 0 
7f8d94000000-7f8d94021000 rw-p 00000000 00:00 0 
7f8d94021000-7f8d98000000 ---p 00000000 00:00 0 
7f8d98000000-7f8d984e9000 rw-p 00000000 00:00 0 
7f8d984e9000-7f8d9c000000 ---p 00000000 00:00 0 
7f8d9c000000-7f8d9c683000 rw-p 00000000 00:00 0 
7f8d9c683000-7f8da0000000 ---p 00000000 00:00 0 
7f8da0000000-7f8da0021000 rw-p 00000000 00:00 0 
7f8da0021000-7f8da4000000 ---p 00000000 00:00 0 
7f8da4000000-7f8da4021000 rw-p 00000000 00:00 0 
7f8da4021000-7f8da8000000 ---p 00000000 00:00 0 
7f8da8000000-7f8da828b000 rw-p 00000000 00:00 0 
7f8da828b000-7f8dac000000 ---p 00000000 00:00 0 
7f8dac000000-7f8dac021000 rw-p 00000000 00:00 0 
7f8dac021000-7f8db0000000 ---p 00000000 00:00 0 
7f8db0000000-7f8db0021000 rw-p 00000000 00:00 0 
7f8db0021000-7f8db4000000 ---p 00000000 00:00 0 
7f8db4000000-7f8db4006000 r--s 00000000 08:05 7078098                    /var/cache/fontconfig/b47c4e1ecd0709278f4910c18777a504-le64.cache-4
7f8db4006000-7f8db4009000 r--s 00000000 08:05 7084366                    /var/cache/fontconfig/75114ca45c98e8a441da0ff356701271-le64.cache-4
7f8db4009000-7f8db4089000 rw-s 1ed4b7000 00:06 575                       /dev/nvidiactl
7f8db4089000-7f8db413d000 rw-s 9188f000 00:06 575                        /dev/nvidiactl
7f8db413d000-7f8db41dd000 r-xp 00000000 08:05 11936866                   /usr/lib/x86_64-linux-gnu/libfreetype.so.6.11.1
7f8db41dd000-7f8db43dc000 ---p 000a0000 08:05 11936866                   /usr/lib/x86_64-linux-gnu/libfreetype.so.6.11.1
7f8db43dc000-7f8db43e2000 r--p 0009f000 08:05 11936866                   /usr/lib/x86_64-linux-gnu/libfreetype.so.6.11.1
7f8db43e2000-7f8db43e3000 rw-p 000a5000 08:05 11936866                   /usr/lib/x86_64-linux-gnu/libfreetype.so.6.11.1
7f8db43e3000-7f8db442e000 r-xp 00000000 08:05 11937377                   /usr/lib/x86_64-linux-gnu/libpango-1.0.so.0.3600.8
7f8db442e000-7f8db462e000 ---p 0004b000 08:05 11937377                   /usr/lib/x86_64-linux-gnu/libpango-1.0.so.0.3600.8
7f8db462e000-7f8db4630000 r--p 0004b000 08:05 11937377                   /usr/lib/x86_64-linux-gnu/libpango-1.0.so.0.3600.8
7f8db4630000-7f8db4631000 rw-p 0004d000 08:05 11937377                   /usr/lib/x86_64-linux-gnu/libpango-1.0.so.0.3600.8
7f8db4631000-7f8db473f000 r-xp 00000000 08:05 11936684                   /usr/lib/x86_64-linux-gnu/libcairo.so.2.11400.2
7f8db473f000-7f8db493e000 ---p 0010e000 08:05 11936684                   /usr/lib/x86_64-linux-gnu/libcairo.so.2.11400.2
7f8db493e000-7f8db4941000 r--p 0010d000 08:05 11936684                   /usr/lib/x86_64-linux-gnu/libcairo.so.2.11400.2
7f8db4941000-7f8db4942000 rw-p 00110000 08:05 11936684                   /usr/lib/x86_64-linux-gnu/libcairo.so.2.11400.2
7f8db4942000-7f8db4944000 rw-p 00000000 00:00 0 
7f8db4944000-7f8db4950000 r-xp 00000000 08:05 11937379                   /usr/lib/x86_64-linux-gnu/libpangocairo-1.0.so.0.3600.8
7f8db4950000-7f8db4b4f000 ---p 0000c000 08:05 11937379                   /usr/lib/x86_64-linux-gnu/libpangocairo-1.0.so.0.3600.8
7f8db4b4f000-7f8db4b50000 r--p 0000b000 08:05 11937379                   /usr/lib/x86_64-linux-gnu/libpangocairo-1.0.so.0.3600.8
7f8db4b50000-7f8db4b51000 rw-p 0000c000 08:05 11937379                   /usr/lib/x86_64-linux-gnu/libpangocairo-1.0.so.0.3600.8
7f8db4b51000-7f8db4b72000 r-xp 00000000 08:05 11936890                   /usr/lib/x86_64-linux-gnu/libgdk_pixbuf-2.0.so.0.3200.1
7f8db4b72000-7f8db4d71000 ---p 00021000 08:05 11936890                   /usr/lib/x86_64-linux-gnu/libgdk_pixbuf-2.0.so.0.3200.1
7f8db4d71000-7f8db4d72000 r--p 00020000 08:05 11936890                   /usr/lib/x86_64-linux-gnu/libgdk_pixbuf-2.0.so.0.3200.1
7f8db4d72000-7f8db4d73000 rw-p 00021000 08:05 11936890                   /usr/lib/x86_64-linux-gnu/libgdk_pixbuf-2.0.so.0.3200.1
7f8db4d73000-7f8db4d87000 r-xp 00000000 08:05 11937381                   /usr/lib/x86_64-linux-gnu/libpangoft2-1.0.so.0.3600.8
7f8db4d87000-7f8db4f87000 ---p 00014000 08:05 11937381                   /usr/lib/x86_64-linux-gnu/libpangoft2-1.0.so.0.3600.8
7f8db4f87000-7f8db4f88000 r--p 00014000 08:05 11937381                   /usr/lib/x86_64-linux-gnu/libpangoft2-1.0.so.0.3600.8
7f8db4f88000-7f8db4f89000 rw-p 00015000 08:05 11937381                   /usr/lib/x86_64-linux-gnu/libpangoft2-1.0.so.0.3600.8
7f8db4f89000-7f8db5103000 r-xp 00000000 08:05 11927935                   /usr/lib/x86_64-linux-gnu/libgio-2.0.so.0.4600.2
7f8db5103000-7f8db5302000 ---p 0017a000 08:05 11927935                   /usr/lib/x86_64-linux-gnu/libgio-2.0.so.0.4600.2
7f8db5302000-7f8db5306000 r--p 00179000 08:05 11927935                   /usr/lib/x86_64-linux-gnu/libgio-2.0.so.0.4600.2
7f8db5306000-7f8db5308000 rw-p 0017d000 08:05 11927935                   /usr/lib/x86_64-linux-gnu/libgio-2.0.so.0.4600.2
7f8db5308000-7f8db530a000 rw-p 00000000 00:00 0 
7f8db530a000-7f8db532c000 r-xp 00000000 08:05 11936627                   /usr/lib/x86_64-linux-gnu/libatk-1.0.so.0.21609.1
7f8db532c000-7f8db552b000 ---p 00022000 08:05 11936627                   /usr/lib/x86_64-linux-gnu/libatk-1.0.so.0.21609.1
7f8db552b000-7f8db552e000 r--p 00021000 08:05 11936627                   /usr/lib/x86_64-linux-gnu/libatk-1.0.so.0.21609.1
7f8db552e000-7f8db552f000 rw-p 00024000 08:05 11936627                   /usr/lib/x86_64-linux-gnu/libatk-1.0.so.0.21609.1
7f8db552f000-7f8db55df000 r-xp 00000000 08:05 11928019                   /usr/lib/x86_64-linux-gnu/libgdk-x11-2.0.so.0.2400.28
7f8db55df000-7f8db57de000 ---p 000b0000 08:05 11928019                   /usr/lib/x86_64-linux-gnu/libgdk-x11-2.0.so.0.2400.28
7f8db57de000-7f8db57e2000 r--p 000af000 08:05 11928019                   /usr/lib/x86_64-linux-gnu/libgdk-x11-2.0.so.0.2400.28
7f8db57e2000-7f8db57e4000 rw-p 000b3000 08:05 11928019                   /usr/lib/x86_64-linux-gnu/libgdk-x11-2.0.so.0.2400.28
7f8db57e4000-7f8db5c22000 r-xp 00000000 08:05 11931573                   /usr/lib/x86_64-linux-gnu/libgtk-x11-2.0.so.0.2400.28
7f8db5c22000-7f8db5e22000 ---p 0043e000 08:05 11931573                   /usr/lib/x86_64-linux-gnu/libgtk-x11-2.0.so.0.2400.28
7f8db5e22000-7f8db5e29000 r--p 0043e000 08:05 11931573                   /usr/lib/x86_64-linux-gnu/libgtk-x11-2.0.so.0.2400.28
7f8db5e29000-7f8db5e2d000 rw-p 00445000 08:05 11931573                   /usr/lib/x86_64-linux-gnu/libgtk-x11-2.0.so.0.2400.28
7f8db5e2d000-7f8db5e30000 rw-p 00000000 00:00 0 
7f8db5e30000-7f8db5e3c000 r-xp 00000000 08:05 11945758                   /usr/lib/jvm/java-8-oracle/jre/lib/amd64/libprism_es2.so
7f8db5e3c000-7f8db603b000 ---p 0000c000 08:05 11945758                   /usr/lib/jvm/java-8-oracle/jre/lib/amd64/libprism_es2.so
7f8db603b000-7f8db603c000 rw-p 0000b000 08:05 11945758                   /usr/lib/jvm/java-8-oracle/jre/lib/amd64/libprism_es2.so
7f8db603c000-7f8db603f000 ---p 00000000 00:00 0 
7f8db603f000-7f8db613d000 rw-p 00000000 00:00 0                          [stack:28460]
7f8db613d000-7f8db61d3000 r--s 01102000 08:05 11945819                   /usr/lib/jvm/java-8-oracle/jre/lib/ext/jfxrt.jar
7f8db61d3000-7f8db61d4000 ---p 00000000 00:00 0 
7f8db61d4000-7f8db62d4000 rw-p 00000000 00:00 0                          [stack:28458]
7f8db62d4000-7f8db62d7000 ---p 00000000 00:00 0 
7f8db62d7000-7f8db63d5000 rw-p 00000000 00:00 0                          [stack:28457]
7f8db63d5000-7f8db63d8000 ---p 00000000 00:00 0 
7f8db63d8000-7f8db64d6000 rw-p 00000000 00:00 0                          [stack:28456]
7f8db64d6000-7f8db64d9000 ---p 00000000 00:00 0 
7f8db64d9000-7f8db65d7000 rw-p 00000000 00:00 0                          [stack:28455]
7f8db65d7000-7f8db65da000 ---p 00000000 00:00 0 
7f8db65da000-7f8db66d8000 rw-p 00000000 00:00 0                          [stack:28454]
7f8db66d8000-7f8db66db000 ---p 00000000 00:00 0 
7f8db66db000-7f8db67d9000 rw-p 00000000 00:00 0                          [stack:28453]
7f8db67d9000-7f8db6d17000 r--p 00000000 08:05 11935003                   /usr/lib/locale/locale-archive
7f8db6d17000-7f8db6d1a000 ---p 00000000 00:00 0 
7f8db6d1a000-7f8db6e18000 rw-p 00000000 00:00 0                          [stack:28452]
7f8db6e18000-7f8db6e1b000 ---p 00000000 00:00 0 
7f8db6e1b000-7f8db6f19000 rw-p 00000000 00:00 0                          [stack:28451]
7f8db6f19000-7f8db6f1a000 ---p 00000000 00:00 0 
7f8db6f1a000-7f8db7e28000 rw-p 00000000 00:00 0                          [stack:28450]
7f8db7e28000-7f8db8000000 r--s 03d1d000 08:05 11945738                   /usr/lib/jvm/java-8-oracle/jre/lib/rt.jar
7f8db8000000-7f8db8021000 rw-p 00000000 00:00 0 
7f8db8021000-7f8dbc000000 ---p 00000000 00:00 0 
7f8dbc000000-7f8dbc021000 rw-p 00000000 00:00 0 
7f8dbc021000-7f8dc0000000 ---p 00000000 00:00 0 
7f8dc0000000-7f8dc0021000 rw-p 00000000 00:00 0 
7f8dc0021000-7f8dc4000000 ---p 00000000 00:00 0 
7f8dc4000000-7f8dc4001000 r--s 00000000 08:05 7078100                    /var/cache/fontconfig/bab58bb527bb656aaa9f116d68a48d89-le64.cache-4
7f8dc4001000-7f8dc400c000 r--s 00000000 08:05 7084365                    /var/cache/fontconfig/83bf95040141907cd45bb53cf7c1c148-le64.cache-4
7f8dc400c000-7f8dc4019000 r--s 00000000 08:05 7078051                    /var/cache/fontconfig/e13b20fdb08344e0e664864cc2ede53d-le64.cache-4
7f8dc4019000-7f8dc402c000 rw-s 14ce3f000 00:06 575                       /dev/nvidiactl
7f8dc402c000-7f8dc406c000 rw-s 166478000 00:06 575                       /dev/nvidiactl
7f8dc406c000-7f8dc8a70000 rw-p 00000000 00:00 0 
7f8dc8a70000-7f8dc8a71000 ---p 00000000 00:00 0 
7f8dc8a71000-7f8dc8b71000 rw-p 00000000 00:00 0                          [stack:28449]
7f8dc8b71000-7f8dc8b72000 ---p 00000000 00:00 0 
7f8dc8b72000-7f8dc8c72000 rw-p 00000000 00:00 0                          [stack:28448]
7f8dc8c72000-7f8dc8c73000 ---p 00000000 00:00 0 
7f8dc8c73000-7f8dc8d9d000 rw-p 00000000 00:00 0                          [stack:28447]
7f8dc8d9d000-7f8dc9000000 ---p 00000000 00:00 0 
7f8dc9000000-7f8dc95b0000 rwxp 00000000 00:00 0 
7f8dc95b0000-7f8dd8000000 ---p 00000000 00:00 0 
7f8dd8000000-7f8dd84f5000 rw-p 00000000 00:00 0 
7f8dd84f5000-7f8ddc000000 ---p 00000000 00:00 0 
7f8ddc000000-7f8ddc001000 r--s 00000000 08:05 7078084                    /var/cache/fontconfig/56cf4f4769d0f4abc89a4895d7bd3ae1-le64.cache-4
7f8ddc001000-7f8ddc002000 r--s 00000000 08:05 7078099                    /var/cache/fontconfig/b9d506c9ac06c20b433354fa67a72993-le64.cache-4
7f8ddc002000-7f8ddc006000 r--s 00000000 08:05 7084364                    /var/cache/fontconfig/7ef2298fde41cc6eeb7af42e48b7d293-le64.cache-4
7f8ddc006000-7f8ddc00d000 r--s 00000000 08:05 12196762                   /usr/lib/x86_64-linux-gnu/gconv/gconv-modules.cache
7f8ddc00d000-7f8ddc02d000 rw-s a03a0000 00:06 576                        /dev/nvidia0
7f8ddc04c000-7f8ddc0c3000 rw-p 00000000 00:00 0 
7f8ddc0c3000-7f8ddc0c4000 ---p 00000000 00:00 0 
7f8ddc0c4000-7f8ddc1ee000 rw-p 00000000 00:00 0                          [stack:28446]
7f8ddc1ee000-7f8ddc450000 ---p 00000000 00:00 0 
7f8ddc450000-7f8ddc466000 rw-p 00000000 00:00 0 
7f8ddc466000-7f8ddc597000 ---p 00000000 00:00 0 
7f8ddc597000-7f8ddc5af000 rw-p 00000000 00:00 0 
7f8ddc5af000-7f8ddc958000 ---p 00000000 00:00 0 
7f8ddc958000-7f8ddc972000 r-xp 00000000 08:05 11945767                   /usr/lib/jvm/java-8-oracle/jre/lib/amd64/libzip.so
7f8ddc972000-7f8ddcb72000 ---p 0001a000 08:05 11945767                   /usr/lib/jvm/java-8-oracle/jre/lib/amd64/libzip.so
7f8ddcb72000-7f8ddcb73000 rw-p 0001a000 08:05 11945767                   /usr/lib/jvm/java-8-oracle/jre/lib/amd64/libzip.so
7f8ddcb73000-7f8ddcb7f000 r-xp 00000000 08:05 6030094                    /lib/x86_64-linux-gnu/libnss_files-2.21.so
7f8ddcb7f000-7f8ddcd7e000 ---p 0000c000 08:05 6030094                    /lib/x86_64-linux-gnu/libnss_files-2.21.so
7f8ddcd7e000-7f8ddcd7f000 r--p 0000b000 08:05 6030094                    /lib/x86_64-linux-gnu/libnss_files-2.21.so
7f8ddcd7f000-7f8ddcd80000 rw-p 0000c000 08:05 6030094                    /lib/x86_64-linux-gnu/libnss_files-2.21.so
7f8ddcd80000-7f8ddcd8b000 r-xp 00000000 08:05 6030105                    /lib/x86_64-linux-gnu/libnss_nis-2.21.so
7f8ddcd8b000-7f8ddcf8a000 ---p 0000b000 08:05 6030105                    /lib/x86_64-linux-gnu/libnss_nis-2.21.so
7f8ddcf8a000-7f8ddcf8b000 r--p 0000a000 08:05 6030105                    /lib/x86_64-linux-gnu/libnss_nis-2.21.so
7f8ddcf8b000-7f8ddcf8c000 rw-p 0000b000 08:05 6030105                    /lib/x86_64-linux-gnu/libnss_nis-2.21.so
7f8ddcf8c000-7f8ddcfa3000 r-xp 00000000 08:05 6030099                    /lib/x86_64-linux-gnu/libnsl-2.21.so
7f8ddcfa3000-7f8ddd1a2000 ---p 00017000 08:05 6030099                    /lib/x86_64-linux-gnu/libnsl-2.21.so
7f8ddd1a2000-7f8ddd1a3000 r--p 00016000 08:05 6030099                    /lib/x86_64-linux-gnu/libnsl-2.21.so
7f8ddd1a3000-7f8ddd1a4000 rw-p 00017000 08:05 6030099                    /lib/x86_64-linux-gnu/libnsl-2.21.so
7f8ddd1a4000-7f8ddd1a6000 rw-p 00000000 00:00 0 
7f8ddd1a6000-7f8ddd1ae000 r-xp 00000000 08:05 6030095                    /lib/x86_64-linux-gnu/libnss_compat-2.21.so
7f8ddd1ae000-7f8ddd3ad000 ---p 00008000 08:05 6030095                    /lib/x86_64-linux-gnu/libnss_compat-2.21.so
7f8ddd3ad000-7f8ddd3ae000 r--p 00007000 08:05 6030095                    /lib/x86_64-linux-gnu/libnss_compat-2.21.so
7f8ddd3ae000-7f8ddd3af000 rw-p 00008000 08:05 6030095                    /lib/x86_64-linux-gnu/libnss_compat-2.21.so
7f8ddd3af000-7f8ddd3d9000 r-xp 00000000 08:05 11945793                   /usr/lib/jvm/java-8-oracle/jre/lib/amd64/libjava.so
7f8ddd3d9000-7f8ddd5d9000 ---p 0002a000 08:05 11945793                   /usr/lib/jvm/java-8-oracle/jre/lib/amd64/libjava.so
7f8ddd5d9000-7f8ddd5db000 rw-p 0002a000 08:05 11945793                   /usr/lib/jvm/java-8-oracle/jre/lib/amd64/libjava.so
7f8ddd5db000-7f8ddd5e8000 r-xp 00000000 08:05 11945747                   /usr/lib/jvm/java-8-oracle/jre/lib/amd64/libverify.so
7f8ddd5e8000-7f8ddd7e8000 ---p 0000d000 08:05 11945747                   /usr/lib/jvm/java-8-oracle/jre/lib/amd64/libverify.so
7f8ddd7e8000-7f8ddd7ea000 rw-p 0000d000 08:05 11945747                   /usr/lib/jvm/java-8-oracle/jre/lib/amd64/libverify.so
7f8ddd7ea000-7f8ddd7f1000 r-xp 00000000 08:05 6030088                    /lib/x86_64-linux-gnu/librt-2.21.so
7f8ddd7f1000-7f8ddd9f0000 ---p 00007000 08:05 6030088                    /lib/x86_64-linux-gnu/librt-2.21.so
7f8ddd9f0000-7f8ddd9f1000 r--p 00006000 08:05 6030088                    /lib/x86_64-linux-gnu/librt-2.21.so
7f8ddd9f1000-7f8ddd9f2000 rw-p 00007000 08:05 6030088                    /lib/x86_64-linux-gnu/librt-2.21.so
7f8ddd9f2000-7f8dddaf9000 r-xp 00000000 08:05 6030107                    /lib/x86_64-linux-gnu/libm-2.21.so
7f8dddaf9000-7f8dddcf8000 ---p 00107000 08:05 6030107                    /lib/x86_64-linux-gnu/libm-2.21.so
7f8dddcf8000-7f8dddcf9000 r--p 00106000 08:05 6030107                    /lib/x86_64-linux-gnu/libm-2.21.so
7f8dddcf9000-7f8dddcfa000 rw-p 00107000 08:05 6030107                    /lib/x86_64-linux-gnu/libm-2.21.so
7f8dddcfa000-7f8dde9b9000 r-xp 00000000 08:05 11945797                   /usr/lib/jvm/java-8-oracle/jre/lib/amd64/server/libjvm.so
7f8dde9b9000-7f8ddebb8000 ---p 00cbf000 08:05 11945797                   /usr/lib/jvm/java-8-oracle/jre/lib/amd64/server/libjvm.so
7f8ddebb8000-7f8ddec91000 rw-p 00cbe000 08:05 11945797                   /usr/lib/jvm/java-8-oracle/jre/lib/amd64/server/libjvm.so
7f8ddec91000-7f8ddecda000 rw-p 00000000 00:00 0 
7f8ddecda000-7f8ddee9a000 r-xp 00000000 08:05 6030108                    /lib/x86_64-linux-gnu/libc-2.21.so
7f8ddee9a000-7f8ddf09a000 ---p 001c0000 08:05 6030108                    /lib/x86_64-linux-gnu/libc-2.21.so
7f8ddf09a000-7f8ddf09e000 r--p 001c0000 08:05 6030108                    /lib/x86_64-linux-gnu/libc-2.21.so
7f8ddf09e000-7f8ddf0a0000 rw-p 001c4000 08:05 6030108                    /lib/x86_64-linux-gnu/libc-2.21.so
7f8ddf0a0000-7f8ddf0a4000 rw-p 00000000 00:00 0 
7f8ddf0a4000-7f8ddf0a7000 r-xp 00000000 08:05 6030104                    /lib/x86_64-linux-gnu/libdl-2.21.so
7f8ddf0a7000-7f8ddf2a6000 ---p 00003000 08:05 6030104                    /lib/x86_64-linux-gnu/libdl-2.21.so
7f8ddf2a6000-7f8ddf2a7000 r--p 00002000 08:05 6030104                    /lib/x86_64-linux-gnu/libdl-2.21.so
7f8ddf2a7000-7f8ddf2a8000 rw-p 00003000 08:05 6030104                    /lib/x86_64-linux-gnu/libdl-2.21.so
7f8ddf2a8000-7f8ddf2bd000 r-xp 00000000 08:05 11945783                   /usr/lib/jvm/java-8-oracle/jre/lib/amd64/jli/libjli.so
7f8ddf2bd000-7f8ddf4bd000 ---p 00015000 08:05 11945783                   /usr/lib/jvm/java-8-oracle/jre/lib/amd64/jli/libjli.so
7f8ddf4bd000-7f8ddf4be000 rw-p 00015000 08:05 11945783                   /usr/lib/jvm/java-8-oracle/jre/lib/amd64/jli/libjli.so
7f8ddf4be000-7f8ddf4d6000 r-xp 00000000 08:05 6030093                    /lib/x86_64-linux-gnu/libpthread-2.21.so
7f8ddf4d6000-7f8ddf6d6000 ---p 00018000 08:05 6030093                    /lib/x86_64-linux-gnu/libpthread-2.21.so
7f8ddf6d6000-7f8ddf6d7000 r--p 00018000 08:05 6030093                    /lib/x86_64-linux-gnu/libpthread-2.21.so
7f8ddf6d7000-7f8ddf6d8000 rw-p 00019000 08:05 6030093                    /lib/x86_64-linux-gnu/libpthread-2.21.so
7f8ddf6d8000-7f8ddf6dc000 rw-p 00000000 00:00 0 
7f8ddf6dc000-7f8ddf700000 r-xp 00000000 08:05 6030102                    /lib/x86_64-linux-gnu/ld-2.21.so
7f8ddf700000-7f8ddf701000 r--s 00000000 08:05 7078083                    /var/cache/fontconfig/551ecf3b0e8b0bca0f25c0944f561853-le64.cache-4
7f8ddf701000-7f8ddf702000 r--s 00000000 08:05 7078072                    /var/cache/fontconfig/0c9eb80ebd1c36541ebe2852d3bb0c49-le64.cache-4
7f8ddf702000-7f8ddf704000 rw-s 00000000 08:05 10092721                   /tmp/.glf39bK7 (deleted)
7f8ddf704000-7f8ddf7d5000 rw-p 00000000 00:00 0 
7f8ddf7d5000-7f8ddf7d8000 ---p 00000000 00:00 0 
7f8ddf7d8000-7f8ddf8da000 rw-p 00000000 00:00 0                          [stack:28443]
7f8ddf8da000-7f8ddf8e9000 r--p 00000000 08:05 12457326                   /usr/share/locale-langpack/es/LC_MESSAGES/gtk20.mo
7f8ddf8e9000-7f8ddf8ea000 rw-s 1664ca000 00:06 575                       /dev/nvidiactl
7f8ddf8ea000-7f8ddf8ee000 rw-s 1a6acc000 00:06 575                       /dev/nvidiactl
7f8ddf8ee000-7f8ddf8ef000 rw-s aff76000 00:06 576                        /dev/nvidia0
7f8ddf8ef000-7f8ddf8f0000 rw-s 166590000 00:06 575                       /dev/nvidiactl
7f8ddf8f0000-7f8ddf8f1000 rw-s b2060000 00:06 576                        /dev/nvidia0
7f8ddf8f1000-7f8ddf8f3000 r--s 00001000 08:05 11146543                   /home/oscar/NetBeansProjects/SortAlgorithm/dist/run1518898541/SortAlgorithm.jar
7f8ddf8f3000-7f8ddf8fb000 rw-s 00000000 08:05 10092706                   /tmp/hsperfdata_oscar/28441
7f8ddf8fb000-7f8ddf8fc000 rw-p 00000000 00:00 0 
7f8ddf8fc000-7f8ddf8fd000 ---p 00000000 00:00 0 
7f8ddf8fd000-7f8ddf8ff000 rw-p 00000000 00:00 0 
7f8ddf8ff000-7f8ddf900000 r--p 00023000 08:05 6030102                    /lib/x86_64-linux-gnu/ld-2.21.so
7f8ddf900000-7f8ddf901000 rw-p 00024000 08:05 6030102                    /lib/x86_64-linux-gnu/ld-2.21.so
7f8ddf901000-7f8ddf902000 rw-p 00000000 00:00 0 
7ffc8ba24000-7ffc8ba45000 rw-p 00000000 00:00 0                          [stack]
7ffc8bb9c000-7ffc8bb9e000 r--p 00000000 00:00 0                          [vvar]
7ffc8bb9e000-7ffc8bba0000 r-xp 00000000 00:00 0                          [vdso]
ffffffffff600000-ffffffffff601000 r-xp 00000000 00:00 0                  [vsyscall]

VM Arguments:
jvm_args: -Dfile.encoding=UTF-8 
java_command: /home/oscar/NetBeansProjects/SortAlgorithm/dist/run1518898541/SortAlgorithm.jar
java_class_path (initial): /home/oscar/NetBeansProjects/SortAlgorithm/dist/run1518898541/SortAlgorithm.jar
Launcher Type: SUN_STANDARD

Environment Variables:
JAVA_HOME=/usr/lib/jvm/java-8-oracle
PATH=/usr/local/sbin:/usr/local/bin:/usr/sbin:/usr/bin:/sbin:/bin:/usr/games:/usr/local/games:/opt/lejos/bin:/usr/lib/jvm/java-8-oracle/bin:/home/oscar/.composer/vendor/bin:/opt/MongoDB/bin
LD_LIBRARY_PATH=/usr/lib/jvm/java-8-oracle/jre/lib/amd64:/usr/lib/jvm/java-8-oracle/jre/lib/i386:
SHELL=/bin/bash
DISPLAY=:0

Signal Handlers:
SIGSEGV: [libjvm.so+0xabb070], sa_mask[0]=11111111011111111101111111111110, sa_flags=SA_RESTART|SA_SIGINFO
SIGBUS: [libjvm.so+0xabb070], sa_mask[0]=11111111011111111101111111111110, sa_flags=SA_RESTART|SA_SIGINFO
SIGFPE: [libjvm.so+0x918480], sa_mask[0]=11111111011111111101111111111110, sa_flags=SA_RESTART|SA_SIGINFO
SIGPIPE: SIG_IGN, sa_mask[0]=00000000000010000000000000000000, sa_flags=SA_RESTART
SIGXFSZ: [libjvm.so+0x918480], sa_mask[0]=11111111011111111101111111111110, sa_flags=SA_RESTART|SA_SIGINFO
SIGILL: [libjvm.so+0x918480], sa_mask[0]=11111111011111111101111111111110, sa_flags=SA_RESTART|SA_SIGINFO
SIGUSR1: SIG_DFL, sa_mask[0]=00000000000000000000000000000000, sa_flags=none
SIGUSR2: [libjvm.so+0x919ab0], sa_mask[0]=00100000000000000000000000000000, sa_flags=SA_RESTART|SA_SIGINFO
SIGHUP: [libjvm.so+0x91aeb0], sa_mask[0]=11111111011111111101111111111110, sa_flags=SA_RESTART|SA_SIGINFO
SIGINT: SIG_IGN, sa_mask[0]=00000000000000000000000000000000, sa_flags=none
SIGTERM: [libjvm.so+0x91aeb0], sa_mask[0]=11111111011111111101111111111110, sa_flags=SA_RESTART|SA_SIGINFO
SIGQUIT: [libjvm.so+0x91aeb0], sa_mask[0]=11111111011111111101111111111110, sa_flags=SA_RESTART|SA_SIGINFO


---------------  S Y S T E M  ---------------

OS:DISTRIB_ID=Ubuntu
DISTRIB_RELEASE=15.10
DISTRIB_CODENAME=wily
DISTRIB_DESCRIPTION="Ubuntu 15.10"

uname:Linux 4.2.0-30-generic #36-Ubuntu SMP Fri Feb 26 00:58:07 UTC 2016 x86_64
libc:glibc 2.21 NPTL 2.21 
rlimit: STACK 8192k, CORE 0k, NPROC 31163, NOFILE 65536, AS infinity
load average:3,37 4,47 4,70

/proc/meminfo:
MemTotal:        8012020 kB
MemFree:         1504680 kB
MemAvailable:    3935288 kB
Buffers:          357576 kB
Cached:          1913272 kB
SwapCached:            0 kB
Active:          5036672 kB
Inactive:         918156 kB
Active(anon):    3685884 kB
Inactive(anon):    36888 kB
Active(file):    1350788 kB
Inactive(file):   881268 kB
Unevictable:          64 kB
Mlocked:              64 kB
SwapTotal:       6874108 kB
SwapFree:        6874108 kB
Dirty:                52 kB
Writeback:             0 kB
AnonPages:       3683928 kB
Mapped:           644412 kB
Shmem:             38800 kB
Slab:             288916 kB
SReclaimable:     240696 kB
SUnreclaim:        48220 kB
KernelStack:       12352 kB
PageTables:        58444 kB
NFS_Unstable:          0 kB
Bounce:                0 kB
WritebackTmp:          0 kB
CommitLimit:    10880116 kB
Committed_AS:   10029916 kB
VmallocTotal:   34359738367 kB
VmallocUsed:      590524 kB
VmallocChunk:   34358423548 kB
HardwareCorrupted:     0 kB
AnonHugePages:   1288192 kB
CmaTotal:              0 kB
CmaFree:               0 kB
HugePages_Total:       0
HugePages_Free:        0
HugePages_Rsvd:        0
HugePages_Surp:        0
Hugepagesize:       2048 kB
DirectMap4k:      361212 kB
DirectMap2M:     7862272 kB


CPU:total 4 (2 cores per cpu, 2 threads per core) family 6 model 58 stepping 9, cmov, cx8, fxsr, mmx, sse, sse2, sse3, ssse3, sse4.1, sse4.2, popcnt, avx, aes, clmul, erms, ht, tsc, tscinvbit, tscinv

/proc/cpuinfo:
processor	: 0
vendor_id	: GenuineIntel
cpu family	: 6
model		: 58
model name	: Intel(R) Core(TM) i5-3210M CPU @ 2.50GHz
stepping	: 9
microcode	: 0x12
cpu MHz		: 2399.902
cache size	: 3072 KB
physical id	: 0
siblings	: 4
core id		: 0
cpu cores	: 2
apicid		: 0
initial apicid	: 0
fpu		: yes
fpu_exception	: yes
cpuid level	: 13
wp		: yes
flags		: fpu vme de pse tsc msr pae mce cx8 apic sep mtrr pge mca cmov pat pse36 clflush dts acpi mmx fxsr sse sse2 ss ht tm pbe syscall nx rdtscp lm constant_tsc arch_perfmon pebs bts rep_good nopl xtopology nonstop_tsc aperfmperf eagerfpu pni pclmulqdq dtes64 monitor ds_cpl vmx est tm2 ssse3 cx16 xtpr pdcm pcid sse4_1 sse4_2 x2apic popcnt tsc_deadline_timer aes xsave avx f16c rdrand lahf_lm ida arat epb pln pts dtherm tpr_shadow vnmi flexpriority ept vpid fsgsbase smep erms xsaveopt
bugs		:
bogomips	: 4988.33
clflush size	: 64
cache_alignment	: 64
address sizes	: 36 bits physical, 48 bits virtual
power management:

processor	: 1
vendor_id	: GenuineIntel
cpu family	: 6
model		: 58
model name	: Intel(R) Core(TM) i5-3210M CPU @ 2.50GHz
stepping	: 9
microcode	: 0x12
cpu MHz		: 2400.000
cache size	: 3072 KB
physical id	: 0
siblings	: 4
core id		: 0
cpu cores	: 2
apicid		: 1
initial apicid	: 1
fpu		: yes
fpu_exception	: yes
cpuid level	: 13
wp		: yes
flags		: fpu vme de pse tsc msr pae mce cx8 apic sep mtrr pge mca cmov pat pse36 clflush dts acpi mmx fxsr sse sse2 ss ht tm pbe syscall nx rdtscp lm constant_tsc arch_perfmon pebs bts rep_good nopl xtopology nonstop_tsc aperfmperf eagerfpu pni pclmulqdq dtes64 monitor ds_cpl vmx est tm2 ssse3 cx16 xtpr pdcm pcid sse4_1 sse4_2 x2apic popcnt tsc_deadline_timer aes xsave avx f16c rdrand lahf_lm ida arat epb pln pts dtherm tpr_shadow vnmi flexpriority ept vpid fsgsbase smep erms xsaveopt
bugs		:
bogomips	: 4988.33
clflush size	: 64
cache_alignment	: 64
address sizes	: 36 bits physical, 48 bits virtual
power management:

processor	: 2
vendor_id	: GenuineIntel
cpu family	: 6
model		: 58
model name	: Intel(R) Core(TM) i5-3210M CPU @ 2.50GHz
stepping	: 9
microcode	: 0x12
cpu MHz		: 2399.902
cache size	: 3072 KB
physical id	: 0
siblings	: 4
core id		: 1
cpu cores	: 2
apicid		: 2
initial apicid	: 2
fpu		: yes
fpu_exception	: yes
cpuid level	: 13
wp		: yes
flags		: fpu vme de pse tsc msr pae mce cx8 apic sep mtrr pge mca cmov pat pse36 clflush dts acpi mmx fxsr sse sse2 ss ht tm pbe syscall nx rdtscp lm constant_tsc arch_perfmon pebs bts rep_good nopl xtopology nonstop_tsc aperfmperf eagerfpu pni pclmulqdq dtes64 monitor ds_cpl vmx est tm2 ssse3 cx16 xtpr pdcm pcid sse4_1 sse4_2 x2apic popcnt tsc_deadline_timer aes xsave avx f16c rdrand lahf_lm ida arat epb pln pts dtherm tpr_shadow vnmi flexpriority ept vpid fsgsbase smep erms xsaveopt
bugs		:
bogomips	: 4988.33
clflush size	: 64
cache_alignment	: 64
address sizes	: 36 bits physical, 48 bits virtual
power management:

processor	: 3
vendor_id	: GenuineIntel
cpu family	: 6
model		: 58
model name	: Intel(R) Core(TM) i5-3210M CPU @ 2.50GHz
stepping	: 9
microcode	: 0x12
cpu MHz		: 2400.000
cache size	: 3072 KB
physical id	: 0
siblings	: 4
core id		: 1
cpu cores	: 2
apicid		: 3
initial apicid	: 3
fpu		: yes
fpu_exception	: yes
cpuid level	: 13
wp		: yes
flags		: fpu vme de pse tsc msr pae mce cx8 apic sep mtrr pge mca cmov pat pse36 clflush dts acpi mmx fxsr sse sse2 ss ht tm pbe syscall nx rdtscp lm constant_tsc arch_perfmon pebs bts rep_good nopl xtopology nonstop_tsc aperfmperf eagerfpu pni pclmulqdq dtes64 monitor ds_cpl vmx est tm2 ssse3 cx16 xtpr pdcm pcid sse4_1 sse4_2 x2apic popcnt tsc_deadline_timer aes xsave avx f16c rdrand lahf_lm ida arat epb pln pts dtherm tpr_shadow vnmi flexpriority ept vpid fsgsbase smep erms xsaveopt
bugs		:
bogomips	: 4988.33
clflush size	: 64
cache_alignment	: 64
address sizes	: 36 bits physical, 48 bits virtual
power management:



Memory: 4k page, physical 8012020k(1504680k free), swap 6874108k(6874108k free)

vm_info: Java HotSpot(TM) 64-Bit Server VM (25.74-b02) for linux-amd64 JRE (1.8.0_74-b02), built on Jan 29 2016 19:20:56 by "java_re" with gcc 4.3.0 20080428 (Red Hat 4.3.0-8)

time: Mon Mar 28 12:53:56 2016
elapsed time: 2276 seconds (0d 0h 37m 56s)

